|#1|EVENT|App (re)started|FIRED|list(this_session = "f7c2c903e76c2e1c1ce087cc7017571d", build = 131L)|f7c2c903e76c2e1c1ce087cc7017571d|2019-01-15 06:45:09||
|#2|EVENT|Dataset was selected|FIRED|list(dataset = "iris", fun = "observer", resource = "input$dataset", this_session = "f7c2c903e76c2e1c1ce087cc7017571d", build = 131L)|f7c2c903e76c2e1c1ce087cc7017571d|2019-01-15 06:45:09|iris|
|#3|VALUE|input$dataset|FIRED|list(dataset = "iris", fun = "observer", resource = "input$dataset", this_session = "f7c2c903e76c2e1c1ce087cc7017571d", build = 131L)|f7c2c903e76c2e1c1ce087cc7017571d|2019-01-15 06:45:09|iris|
|#4|EVENT|Loading dataset|STARTED|list(dataset = "iris", fun = "reactive", resource = "dataset", this_session = "f7c2c903e76c2e1c1ce087cc7017571d", build = 131L)|f7c2c903e76c2e1c1ce087cc7017571d|2019-01-15 06:45:09||
|#4|EVENT|Loading dataset|DONE|list(secs = 0.2, dataset = "iris", fun = "reactive", resource = "dataset", this_session = "f7c2c903e76c2e1c1ce087cc7017571d", build = 131L)|f7c2c903e76c2e1c1ce087cc7017571d|2019-01-15 06:45:09||
|#5|VALUE|NROW(dataset)|FIRED|list(n_rows = 150L, dataset = "iris", fun = "reactive", resource = "dataset", this_session = "f7c2c903e76c2e1c1ce087cc7017571d", build = 131L)|f7c2c903e76c2e1c1ce087cc7017571d|2019-01-15 06:45:09|150|
|#6|OUTPUT|str(dataset)|FIRED|list(dataset = "iris", fun = "reactive", resource = "dataset", this_session = "f7c2c903e76c2e1c1ce087cc7017571d", build = 131L)|f7c2c903e76c2e1c1ce087cc7017571d|2019-01-15 06:45:09|'data.frame':	150 obs. of  5 variables:	 $ Sepal.Length: num  5.1 4.9 4.7 4.6 5 5.4 4.6 5 4.4 4.9 ...	 $ Sepal.Width : num  3.5 3 3.2 3.1 3.6 3.9 3.4 3.4 2.9 3.1 ...	 $ Petal.Length: num  1.4 1.4 1.3 1.5 1.4 1.7 1.4 1.5 1.4 1.5 ...	 $ Petal.Width : num  0.2 0.2 0.2 0.2 0.2 0.4 0.3 0.2 0.2 0.1 ...	 $ Species     : Factor w/ 3 levels "setosa","versicolor",..: 1 1 1 1 1 1 1 1 1 1 ...|
|#7|OUTPUT|head(dataset)|FIRED|list(dataset = "iris", fun = "reactive", resource = "dataset", this_session = "f7c2c903e76c2e1c1ce087cc7017571d", build = 131L)|f7c2c903e76c2e1c1ce087cc7017571d|2019-01-15 06:45:09|  Sepal.Length Sepal.Width Petal.Length Petal.Width Species	1          5.1         3.5          1.4         0.2  setosa	2          4.9         3.0          1.4         0.2  setosa	3          4.7         3.2          1.3         0.2  setosa	4          4.6         3.1          1.5         0.2  setosa	5          5.0         3.6          1.4         0.2  setosa	6          5.4         3.9          1.7         0.4  setosa|
|#8|EVENT|Variable was selected|FIRED|list(dataset = "iris", fun = "observer", resource = "input$variable", this_session = "f7c2c903e76c2e1c1ce087cc7017571d", build = 131L)|f7c2c903e76c2e1c1ce087cc7017571d|2019-01-15 06:45:09||
|#9|VALUE|input$variable|FIRED|list(dataset = "iris", fun = "observer", resource = "input$variable", this_session = "f7c2c903e76c2e1c1ce087cc7017571d", build = 131L)|f7c2c903e76c2e1c1ce087cc7017571d|2019-01-15 06:45:09||
|#10|VALUE|input$bins|FIRED|list(dataset = "iris", fun = "observer", resource = "input$bins", this_session = "f7c2c903e76c2e1c1ce087cc7017571d", build = 131L)|f7c2c903e76c2e1c1ce087cc7017571d|2019-01-15 06:45:10|10|
|#11|EVENT|Number of bins are safe|FIRED|list(dataset = "iris", fun = "observer", resource = "input$bins", this_session = "f7c2c903e76c2e1c1ce087cc7017571d", build = 131L)|f7c2c903e76c2e1c1ce087cc7017571d|2019-01-15 06:45:10|10|
|#12|TEST|testthat::expect_lt(input$bins, 50)|SUCCESS|list(bins = 10L, dataset = "iris", fun = "observer", resource = "input$bins", this_session = "f7c2c903e76c2e1c1ce087cc7017571d", build = 131L)|f7c2c903e76c2e1c1ce087cc7017571d|2019-01-15 06:45:10||
|#13|EVENT|Variable was selected|FIRED|list(dataset = "iris", fun = "observer", resource = "input$variable", this_session = "f7c2c903e76c2e1c1ce087cc7017571d", build = 131L)|f7c2c903e76c2e1c1ce087cc7017571d|2019-01-15 06:45:10|Sepal.Length|
|#14|VALUE|input$variable|FIRED|list(dataset = "iris", fun = "observer", resource = "input$variable", this_session = "f7c2c903e76c2e1c1ce087cc7017571d", build = 131L)|f7c2c903e76c2e1c1ce087cc7017571d|2019-01-15 06:45:10|Sepal.Length|
|#15|TEST|testthat::expect_is(x, "numeric")|SUCCESS|list(variable = "Sepal.Length", dataset = "iris", fun = "rendering", resource = "output$histogram", this_session = "f7c2c903e76c2e1c1ce087cc7017571d", build = 131L)|f7c2c903e76c2e1c1ce087cc7017571d|2019-01-15 06:45:10||
|#16|EVENT|Plotting histogram|FIRED|list(dataset = "iris", fun = "rendering", resource = "output$histogram", this_session = "f7c2c903e76c2e1c1ce087cc7017571d", build = 131L)|f7c2c903e76c2e1c1ce087cc7017571d|2019-01-15 06:45:10||
|#1|EVENT|App (re)started|FIRED|list(this_session = "5889305966b74b4783d2cdc05ba306f1", build = 132L)|5889305966b74b4783d2cdc05ba306f1|2019-01-15 06:50:20||
|#2|EVENT|Dataset was selected|FIRED|list(dataset = "iris", fun = "observer", resource = "input$dataset", this_session = "5889305966b74b4783d2cdc05ba306f1", build = 132L)|5889305966b74b4783d2cdc05ba306f1|2019-01-15 06:50:20|iris|
|#3|VALUE|input$dataset|FIRED|list(dataset = "iris", fun = "observer", resource = "input$dataset", this_session = "5889305966b74b4783d2cdc05ba306f1", build = 132L)|5889305966b74b4783d2cdc05ba306f1|2019-01-15 06:50:20|iris|
|#4|EVENT|Loading dataset|STARTED|list(dataset = "iris", fun = "reactive", resource = "dataset", this_session = "5889305966b74b4783d2cdc05ba306f1", build = 132L)|5889305966b74b4783d2cdc05ba306f1|2019-01-15 06:50:20||
|#4|EVENT|Loading dataset|DONE|list(secs = 0.19, dataset = "iris", fun = "reactive", resource = "dataset", this_session = "5889305966b74b4783d2cdc05ba306f1", build = 132L)|5889305966b74b4783d2cdc05ba306f1|2019-01-15 06:50:21||
|#5|VALUE|NROW(dataset)|FIRED|list(n_rows = 150L, dataset = "iris", fun = "reactive", resource = "dataset", this_session = "5889305966b74b4783d2cdc05ba306f1", build = 132L)|5889305966b74b4783d2cdc05ba306f1|2019-01-15 06:50:21|150|
|#6|OUTPUT|str(dataset)|FIRED|list(dataset = "iris", fun = "reactive", resource = "dataset", this_session = "5889305966b74b4783d2cdc05ba306f1", build = 132L)|5889305966b74b4783d2cdc05ba306f1|2019-01-15 06:50:21|'data.frame':	150 obs. of  5 variables:	 $ Sepal.Length: num  5.1 4.9 4.7 4.6 5 5.4 4.6 5 4.4 4.9 ...	 $ Sepal.Width : num  3.5 3 3.2 3.1 3.6 3.9 3.4 3.4 2.9 3.1 ...	 $ Petal.Length: num  1.4 1.4 1.3 1.5 1.4 1.7 1.4 1.5 1.4 1.5 ...	 $ Petal.Width : num  0.2 0.2 0.2 0.2 0.2 0.4 0.3 0.2 0.2 0.1 ...	 $ Species     : Factor w/ 3 levels "setosa","versicolor",..: 1 1 1 1 1 1 1 1 1 1 ...|
|#7|OUTPUT|head(dataset)|FIRED|list(dataset = "iris", fun = "reactive", resource = "dataset", this_session = "5889305966b74b4783d2cdc05ba306f1", build = 132L)|5889305966b74b4783d2cdc05ba306f1|2019-01-15 06:50:21|  Sepal.Length Sepal.Width Petal.Length Petal.Width Species	1          5.1         3.5          1.4         0.2  setosa	2          4.9         3.0          1.4         0.2  setosa	3          4.7         3.2          1.3         0.2  setosa	4          4.6         3.1          1.5         0.2  setosa	5          5.0         3.6          1.4         0.2  setosa	6          5.4         3.9          1.7         0.4  setosa|
|#8|EVENT|Variable was selected|FIRED|list(dataset = "iris", fun = "observer", resource = "input$variable", this_session = "5889305966b74b4783d2cdc05ba306f1", build = 132L)|5889305966b74b4783d2cdc05ba306f1|2019-01-15 06:50:21||
|#9|VALUE|input$variable|FIRED|list(dataset = "iris", fun = "observer", resource = "input$variable", this_session = "5889305966b74b4783d2cdc05ba306f1", build = 132L)|5889305966b74b4783d2cdc05ba306f1|2019-01-15 06:50:21||
|#10|VALUE|input$bins|FIRED|list(dataset = "iris", fun = "observer", resource = "input$bins", this_session = "5889305966b74b4783d2cdc05ba306f1", build = 132L)|5889305966b74b4783d2cdc05ba306f1|2019-01-15 06:50:21|10|
|#11|EVENT|Number of bins are safe|FIRED|list(dataset = "iris", fun = "observer", resource = "input$bins", this_session = "5889305966b74b4783d2cdc05ba306f1", build = 132L)|5889305966b74b4783d2cdc05ba306f1|2019-01-15 06:50:21|10|
|#12|TEST|testthat::expect_lt(input$bins, 50)|SUCCESS|list(bins = 10L, dataset = "iris", fun = "observer", resource = "input$bins", this_session = "5889305966b74b4783d2cdc05ba306f1", build = 132L)|5889305966b74b4783d2cdc05ba306f1|2019-01-15 06:50:21||
|#13|EVENT|Variable was selected|FIRED|list(dataset = "iris", fun = "observer", resource = "input$variable", this_session = "5889305966b74b4783d2cdc05ba306f1", build = 132L)|5889305966b74b4783d2cdc05ba306f1|2019-01-15 06:50:21|Sepal.Length|
|#14|VALUE|input$variable|FIRED|list(dataset = "iris", fun = "observer", resource = "input$variable", this_session = "5889305966b74b4783d2cdc05ba306f1", build = 132L)|5889305966b74b4783d2cdc05ba306f1|2019-01-15 06:50:21|Sepal.Length|
|#15|TEST|testthat::expect_is(x, "numeric")|SUCCESS|list(variable = "Sepal.Length", dataset = "iris", fun = "rendering", resource = "output$histogram", this_session = "5889305966b74b4783d2cdc05ba306f1", build = 132L)|5889305966b74b4783d2cdc05ba306f1|2019-01-15 06:50:22||
|#16|EVENT|Plotting histogram|FIRED|list(dataset = "iris", fun = "rendering", resource = "output$histogram", this_session = "5889305966b74b4783d2cdc05ba306f1", build = 132L)|5889305966b74b4783d2cdc05ba306f1|2019-01-15 06:50:22||
|#1|EVENT|App (re)started|FIRED|list(this_session = "b2a35a41b2036550238a9612ca554a4c", build = 132L)|b2a35a41b2036550238a9612ca554a4c|2019-01-21 07:47:16||
|#2|EVENT|Dataset was selected|FIRED|list(dataset = "iris", fun = "observer", resource = "input$dataset", this_session = "b2a35a41b2036550238a9612ca554a4c", build = 132L)|b2a35a41b2036550238a9612ca554a4c|2019-01-21 07:47:16|iris|
|#3|VALUE|input$dataset|FIRED|list(dataset = "iris", fun = "observer", resource = "input$dataset", this_session = "b2a35a41b2036550238a9612ca554a4c", build = 132L)|b2a35a41b2036550238a9612ca554a4c|2019-01-21 07:47:17|iris|
|#4|EVENT|Loading dataset|STARTED|list(dataset = "iris", fun = "reactive", resource = "dataset", this_session = "b2a35a41b2036550238a9612ca554a4c", build = 132L)|b2a35a41b2036550238a9612ca554a4c|2019-01-21 07:47:17||
|#4|EVENT|Loading dataset|DONE|list(secs = 0.04, dataset = "iris", fun = "reactive", resource = "dataset", this_session = "b2a35a41b2036550238a9612ca554a4c", build = 132L)|b2a35a41b2036550238a9612ca554a4c|2019-01-21 07:47:17||
|#5|VALUE|NROW(dataset)|FIRED|list(n_rows = 150L, dataset = "iris", fun = "reactive", resource = "dataset", this_session = "b2a35a41b2036550238a9612ca554a4c", build = 132L)|b2a35a41b2036550238a9612ca554a4c|2019-01-21 07:47:17|150|
|#6|OUTPUT|str(dataset)|FIRED|list(dataset = "iris", fun = "reactive", resource = "dataset", this_session = "b2a35a41b2036550238a9612ca554a4c", build = 132L)|b2a35a41b2036550238a9612ca554a4c|2019-01-21 07:47:17|'data.frame':	150 obs. of  5 variables:	 $ Sepal.Length: num  5.1 4.9 4.7 4.6 5 5.4 4.6 5 4.4 4.9 ...	 $ Sepal.Width : num  3.5 3 3.2 3.1 3.6 3.9 3.4 3.4 2.9 3.1 ...	 $ Petal.Length: num  1.4 1.4 1.3 1.5 1.4 1.7 1.4 1.5 1.4 1.5 ...	 $ Petal.Width : num  0.2 0.2 0.2 0.2 0.2 0.4 0.3 0.2 0.2 0.1 ...	 $ Species     : Factor w/ 3 levels "setosa","versicolor",..: 1 1 1 1 1 1 1 1 1 1 ...|
|#7|OUTPUT|head(dataset)|FIRED|list(dataset = "iris", fun = "reactive", resource = "dataset", this_session = "b2a35a41b2036550238a9612ca554a4c", build = 132L)|b2a35a41b2036550238a9612ca554a4c|2019-01-21 07:47:17|  Sepal.Length Sepal.Width Petal.Length Petal.Width Species	1          5.1         3.5          1.4         0.2  setosa	2          4.9         3.0          1.4         0.2  setosa	3          4.7         3.2          1.3         0.2  setosa	4          4.6         3.1          1.5         0.2  setosa	5          5.0         3.6          1.4         0.2  setosa	6          5.4         3.9          1.7         0.4  setosa|
|#8|EVENT|Variable was selected|FIRED|list(dataset = "iris", fun = "observer", resource = "input$variable", this_session = "b2a35a41b2036550238a9612ca554a4c", build = 132L)|b2a35a41b2036550238a9612ca554a4c|2019-01-21 07:47:17||
|#9|VALUE|input$variable|FIRED|list(dataset = "iris", fun = "observer", resource = "input$variable", this_session = "b2a35a41b2036550238a9612ca554a4c", build = 132L)|b2a35a41b2036550238a9612ca554a4c|2019-01-21 07:47:17||
|#10|VALUE|input$bins|FIRED|list(dataset = "iris", fun = "observer", resource = "input$bins", this_session = "b2a35a41b2036550238a9612ca554a4c", build = 132L)|b2a35a41b2036550238a9612ca554a4c|2019-01-21 07:47:17|10|
|#11|EVENT|Number of bins are safe|FIRED|list(dataset = "iris", fun = "observer", resource = "input$bins", this_session = "b2a35a41b2036550238a9612ca554a4c", build = 132L)|b2a35a41b2036550238a9612ca554a4c|2019-01-21 07:47:17|10|
|#12|TEST|testthat::expect_lt(input$bins, 50)|SUCCESS|list(bins = 10L, dataset = "iris", fun = "observer", resource = "input$bins", this_session = "b2a35a41b2036550238a9612ca554a4c", build = 132L)|b2a35a41b2036550238a9612ca554a4c|2019-01-21 07:47:17||
|#13|EVENT|Variable was selected|FIRED|list(dataset = "iris", fun = "observer", resource = "input$variable", this_session = "b2a35a41b2036550238a9612ca554a4c", build = 132L)|b2a35a41b2036550238a9612ca554a4c|2019-01-21 07:47:17|Sepal.Length|
|#14|VALUE|input$variable|FIRED|list(dataset = "iris", fun = "observer", resource = "input$variable", this_session = "b2a35a41b2036550238a9612ca554a4c", build = 132L)|b2a35a41b2036550238a9612ca554a4c|2019-01-21 07:47:18|Sepal.Length|
|#15|TEST|testthat::expect_is(x, "numeric")|SUCCESS|list(variable = "Sepal.Length", dataset = "iris", fun = "rendering", resource = "output$histogram", this_session = "b2a35a41b2036550238a9612ca554a4c", build = 132L)|b2a35a41b2036550238a9612ca554a4c|2019-01-21 07:47:18||
|#16|EVENT|Plotting histogram|FIRED|list(dataset = "iris", fun = "rendering", resource = "output$histogram", this_session = "b2a35a41b2036550238a9612ca554a4c", build = 132L)|b2a35a41b2036550238a9612ca554a4c|2019-01-21 07:47:18||
|#1|EVENT|App (re)started|FIRED|list(this_session = "7a51ffba8d5df48beab4d79ba1a6014f", build = 134L)|7a51ffba8d5df48beab4d79ba1a6014f|2019-01-25 07:23:13||
|#2|EVENT|Dataset was selected|FIRED|list(dataset = "iris", fun = "observer", resource = "input$dataset", this_session = "7a51ffba8d5df48beab4d79ba1a6014f", build = 134L)|7a51ffba8d5df48beab4d79ba1a6014f|2019-01-25 07:23:13|iris|
|#3|VALUE|input$dataset|FIRED|list(dataset = "iris", fun = "observer", resource = "input$dataset", this_session = "7a51ffba8d5df48beab4d79ba1a6014f", build = 134L)|7a51ffba8d5df48beab4d79ba1a6014f|2019-01-25 07:23:13|iris|
|#4|EVENT|Loading dataset|STARTED|list(dataset = "iris", fun = "reactive", resource = "dataset", this_session = "7a51ffba8d5df48beab4d79ba1a6014f", build = 134L)|7a51ffba8d5df48beab4d79ba1a6014f|2019-01-25 07:23:13||
|#4|EVENT|Loading dataset|DONE|list(secs = 0.42, dataset = "iris", fun = "reactive", resource = "dataset", this_session = "7a51ffba8d5df48beab4d79ba1a6014f", build = 134L)|7a51ffba8d5df48beab4d79ba1a6014f|2019-01-25 07:23:14||
|#5|VALUE|NROW(dataset)|FIRED|list(n_rows = 150L, dataset = "iris", fun = "reactive", resource = "dataset", this_session = "7a51ffba8d5df48beab4d79ba1a6014f", build = 134L)|7a51ffba8d5df48beab4d79ba1a6014f|2019-01-25 07:23:15|150|
|#6|OUTPUT|str(dataset)|FIRED|list(dataset = "iris", fun = "reactive", resource = "dataset", this_session = "7a51ffba8d5df48beab4d79ba1a6014f", build = 134L)|7a51ffba8d5df48beab4d79ba1a6014f|2019-01-25 07:23:15|'data.frame':	150 obs. of  5 variables:	 $ Sepal.Length: num  5.1 4.9 4.7 4.6 5 5.4 4.6 5 4.4 4.9 ...	 $ Sepal.Width : num  3.5 3 3.2 3.1 3.6 3.9 3.4 3.4 2.9 3.1 ...	 $ Petal.Length: num  1.4 1.4 1.3 1.5 1.4 1.7 1.4 1.5 1.4 1.5 ...	 $ Petal.Width : num  0.2 0.2 0.2 0.2 0.2 0.4 0.3 0.2 0.2 0.1 ...	 $ Species     : Factor w/ 3 levels "setosa","versicolor",..: 1 1 1 1 1 1 1 1 1 1 ...|
|#7|OUTPUT|head(dataset)|FIRED|list(dataset = "iris", fun = "reactive", resource = "dataset", this_session = "7a51ffba8d5df48beab4d79ba1a6014f", build = 134L)|7a51ffba8d5df48beab4d79ba1a6014f|2019-01-25 07:23:15|  Sepal.Length Sepal.Width Petal.Length Petal.Width Species	1          5.1         3.5          1.4         0.2  setosa	2          4.9         3.0          1.4         0.2  setosa	3          4.7         3.2          1.3         0.2  setosa	4          4.6         3.1          1.5         0.2  setosa	5          5.0         3.6          1.4         0.2  setosa	6          5.4         3.9          1.7         0.4  setosa|
|#8|EVENT|Variable was selected|FIRED|list(dataset = "iris", fun = "observer", resource = "input$variable", this_session = "7a51ffba8d5df48beab4d79ba1a6014f", build = 134L)|7a51ffba8d5df48beab4d79ba1a6014f|2019-01-25 07:23:16||
|#9|VALUE|input$variable|FIRED|list(dataset = "iris", fun = "observer", resource = "input$variable", this_session = "7a51ffba8d5df48beab4d79ba1a6014f", build = 134L)|7a51ffba8d5df48beab4d79ba1a6014f|2019-01-25 07:23:17||
|#10|VALUE|input$bins|FIRED|list(dataset = "iris", fun = "observer", resource = "input$bins", this_session = "7a51ffba8d5df48beab4d79ba1a6014f", build = 134L)|7a51ffba8d5df48beab4d79ba1a6014f|2019-01-25 07:23:18|10|
|#11|EVENT|Number of bins are safe|FIRED|list(dataset = "iris", fun = "observer", resource = "input$bins", this_session = "7a51ffba8d5df48beab4d79ba1a6014f", build = 134L)|7a51ffba8d5df48beab4d79ba1a6014f|2019-01-25 07:23:18|10|
|#12|TEST|testthat::expect_lt(input$bins, 50)|SUCCESS|list(bins = 10L, dataset = "iris", fun = "observer", resource = "input$bins", this_session = "7a51ffba8d5df48beab4d79ba1a6014f", build = 134L)|7a51ffba8d5df48beab4d79ba1a6014f|2019-01-25 07:23:18||
|#13|TEST|testthat::expect_is(x, "numeric")|SUCCESS|list(variable = "Sepal.Length", dataset = "iris", fun = "rendering", resource = "output$histogram", this_session = "7a51ffba8d5df48beab4d79ba1a6014f", build = 134L)|7a51ffba8d5df48beab4d79ba1a6014f|2019-01-25 07:23:20||
|#14|EVENT|Plotting histogram|FIRED|list(dataset = "iris", fun = "rendering", resource = "output$histogram", this_session = "7a51ffba8d5df48beab4d79ba1a6014f", build = 134L)|7a51ffba8d5df48beab4d79ba1a6014f|2019-01-25 07:23:20||
|#15|EVENT|Variable was selected|FIRED|list(dataset = "iris", fun = "observer", resource = "input$variable", this_session = "7a51ffba8d5df48beab4d79ba1a6014f", build = 134L)|7a51ffba8d5df48beab4d79ba1a6014f|2019-01-25 07:23:20|Sepal.Length|
|#16|VALUE|input$variable|FIRED|list(dataset = "iris", fun = "observer", resource = "input$variable", this_session = "7a51ffba8d5df48beab4d79ba1a6014f", build = 134L)|7a51ffba8d5df48beab4d79ba1a6014f|2019-01-25 07:23:20|Sepal.Length|
|#17|TEST|testthat::expect_is(x, "numeric")|ERROR|list(variable = "Species", dataset = "iris", fun = "rendering", resource = "output$histogram", this_session = "7a51ffba8d5df48beab4d79ba1a6014f", build = 134L)|7a51ffba8d5df48beab4d79ba1a6014f|2019-01-25 07:23:23|Error: `x` inherits from `factor` not `numeric`.|
|#18|EVENT|Variable was selected|FIRED|list(dataset = "iris", fun = "observer", resource = "input$variable", this_session = "7a51ffba8d5df48beab4d79ba1a6014f", build = 134L)|7a51ffba8d5df48beab4d79ba1a6014f|2019-01-25 07:23:24|Species|
|#19|VALUE|input$variable|FIRED|list(dataset = "iris", fun = "observer", resource = "input$variable", this_session = "7a51ffba8d5df48beab4d79ba1a6014f", build = 134L)|7a51ffba8d5df48beab4d79ba1a6014f|2019-01-25 07:23:24|Species|
|#20|TEST|testthat::expect_is(x, "numeric")|SUCCESS|list(variable = "Petal.Length", dataset = "iris", fun = "rendering", resource = "output$histogram", this_session = "7a51ffba8d5df48beab4d79ba1a6014f", build = 134L)|7a51ffba8d5df48beab4d79ba1a6014f|2019-01-25 07:23:26||
|#21|EVENT|Plotting histogram|FIRED|list(dataset = "iris", fun = "rendering", resource = "output$histogram", this_session = "7a51ffba8d5df48beab4d79ba1a6014f", build = 134L)|7a51ffba8d5df48beab4d79ba1a6014f|2019-01-25 07:23:26||
|#22|EVENT|Variable was selected|FIRED|list(dataset = "iris", fun = "observer", resource = "input$variable", this_session = "7a51ffba8d5df48beab4d79ba1a6014f", build = 134L)|7a51ffba8d5df48beab4d79ba1a6014f|2019-01-25 07:23:26|Petal.Length|
|#23|VALUE|input$variable|FIRED|list(dataset = "iris", fun = "observer", resource = "input$variable", this_session = "7a51ffba8d5df48beab4d79ba1a6014f", build = 134L)|7a51ffba8d5df48beab4d79ba1a6014f|2019-01-25 07:23:26|Petal.Length|
|#1|EVENT|App (re)started|FIRED|list(this_session = "0d17b735b10ddfec3ded6f8b336c1113", build = 134L)|0d17b735b10ddfec3ded6f8b336c1113|2019-01-25 07:23:28||
|#2|EVENT|Dataset was selected|FIRED|list(dataset = "iris", fun = "observer", resource = "input$dataset", this_session = "0d17b735b10ddfec3ded6f8b336c1113", build = 134L)|0d17b735b10ddfec3ded6f8b336c1113|2019-01-25 07:23:28|iris|
|#3|VALUE|input$dataset|FIRED|list(dataset = "iris", fun = "observer", resource = "input$dataset", this_session = "0d17b735b10ddfec3ded6f8b336c1113", build = 134L)|0d17b735b10ddfec3ded6f8b336c1113|2019-01-25 07:23:28|iris|
|#4|EVENT|Loading dataset|STARTED|list(dataset = "iris", fun = "reactive", resource = "dataset", this_session = "0d17b735b10ddfec3ded6f8b336c1113", build = 134L)|0d17b735b10ddfec3ded6f8b336c1113|2019-01-25 07:23:28||
|#4|EVENT|Loading dataset|DONE|list(secs = 0.03, dataset = "iris", fun = "reactive", resource = "dataset", this_session = "0d17b735b10ddfec3ded6f8b336c1113", build = 134L)|0d17b735b10ddfec3ded6f8b336c1113|2019-01-25 07:23:28||
|#5|VALUE|NROW(dataset)|FIRED|list(n_rows = 150L, dataset = "iris", fun = "reactive", resource = "dataset", this_session = "0d17b735b10ddfec3ded6f8b336c1113", build = 134L)|0d17b735b10ddfec3ded6f8b336c1113|2019-01-25 07:23:29|150|
|#6|OUTPUT|str(dataset)|FIRED|list(dataset = "iris", fun = "reactive", resource = "dataset", this_session = "0d17b735b10ddfec3ded6f8b336c1113", build = 134L)|0d17b735b10ddfec3ded6f8b336c1113|2019-01-25 07:23:29|'data.frame':	150 obs. of  5 variables:	 $ Sepal.Length: num  5.1 4.9 4.7 4.6 5 5.4 4.6 5 4.4 4.9 ...	 $ Sepal.Width : num  3.5 3 3.2 3.1 3.6 3.9 3.4 3.4 2.9 3.1 ...	 $ Petal.Length: num  1.4 1.4 1.3 1.5 1.4 1.7 1.4 1.5 1.4 1.5 ...	 $ Petal.Width : num  0.2 0.2 0.2 0.2 0.2 0.4 0.3 0.2 0.2 0.1 ...	 $ Species     : Factor w/ 3 levels "setosa","versicolor",..: 1 1 1 1 1 1 1 1 1 1 ...|
|#7|OUTPUT|head(dataset)|FIRED|list(dataset = "iris", fun = "reactive", resource = "dataset", this_session = "0d17b735b10ddfec3ded6f8b336c1113", build = 134L)|0d17b735b10ddfec3ded6f8b336c1113|2019-01-25 07:23:29|  Sepal.Length Sepal.Width Petal.Length Petal.Width Species	1          5.1         3.5          1.4         0.2  setosa	2          4.9         3.0          1.4         0.2  setosa	3          4.7         3.2          1.3         0.2  setosa	4          4.6         3.1          1.5         0.2  setosa	5          5.0         3.6          1.4         0.2  setosa	6          5.4         3.9          1.7         0.4  setosa|
|#8|EVENT|Variable was selected|FIRED|list(dataset = "iris", fun = "observer", resource = "input$variable", this_session = "0d17b735b10ddfec3ded6f8b336c1113", build = 134L)|0d17b735b10ddfec3ded6f8b336c1113|2019-01-25 07:23:29||
|#9|VALUE|input$variable|FIRED|list(dataset = "iris", fun = "observer", resource = "input$variable", this_session = "0d17b735b10ddfec3ded6f8b336c1113", build = 134L)|0d17b735b10ddfec3ded6f8b336c1113|2019-01-25 07:23:29||
|#10|VALUE|input$bins|FIRED|list(dataset = "iris", fun = "observer", resource = "input$bins", this_session = "0d17b735b10ddfec3ded6f8b336c1113", build = 134L)|0d17b735b10ddfec3ded6f8b336c1113|2019-01-25 07:23:29|10|
|#11|EVENT|Number of bins are safe|FIRED|list(dataset = "iris", fun = "observer", resource = "input$bins", this_session = "0d17b735b10ddfec3ded6f8b336c1113", build = 134L)|0d17b735b10ddfec3ded6f8b336c1113|2019-01-25 07:23:31|10|
|#12|TEST|testthat::expect_lt(input$bins, 50)|SUCCESS|list(bins = 10L, dataset = "iris", fun = "observer", resource = "input$bins", this_session = "0d17b735b10ddfec3ded6f8b336c1113", build = 134L)|0d17b735b10ddfec3ded6f8b336c1113|2019-01-25 07:23:31||
|#13|EVENT|Variable was selected|FIRED|list(dataset = "iris", fun = "observer", resource = "input$variable", this_session = "0d17b735b10ddfec3ded6f8b336c1113", build = 134L)|0d17b735b10ddfec3ded6f8b336c1113|2019-01-25 07:23:31|Sepal.Length|
|#14|VALUE|input$variable|FIRED|list(dataset = "iris", fun = "observer", resource = "input$variable", this_session = "0d17b735b10ddfec3ded6f8b336c1113", build = 134L)|0d17b735b10ddfec3ded6f8b336c1113|2019-01-25 07:23:31|Sepal.Length|
|#15|TEST|testthat::expect_is(x, "numeric")|SUCCESS|list(variable = "Sepal.Length", dataset = "iris", fun = "rendering", resource = "output$histogram", this_session = "0d17b735b10ddfec3ded6f8b336c1113", build = 134L)|0d17b735b10ddfec3ded6f8b336c1113|2019-01-25 07:23:32||
|#16|EVENT|Plotting histogram|FIRED|list(dataset = "iris", fun = "rendering", resource = "output$histogram", this_session = "0d17b735b10ddfec3ded6f8b336c1113", build = 134L)|0d17b735b10ddfec3ded6f8b336c1113|2019-01-25 07:23:33||
|#17|EVENT|Dataset was selected|FIRED|list(dataset = "faithful", fun = "observer", resource = "input$dataset", this_session = "0d17b735b10ddfec3ded6f8b336c1113", build = 134L)|0d17b735b10ddfec3ded6f8b336c1113|2019-01-25 07:23:34|faithful|
|#18|VALUE|input$dataset|FIRED|list(dataset = "faithful", fun = "observer", resource = "input$dataset", this_session = "0d17b735b10ddfec3ded6f8b336c1113", build = 134L)|0d17b735b10ddfec3ded6f8b336c1113|2019-01-25 07:23:34|faithful|
|#19|EVENT|Loading dataset|STARTED|list(dataset = "faithful", fun = "reactive", resource = "dataset", this_session = "0d17b735b10ddfec3ded6f8b336c1113", build = 134L)|0d17b735b10ddfec3ded6f8b336c1113|2019-01-25 07:23:34||
|#19|EVENT|Loading dataset|DONE|list(secs = 0.04, dataset = "faithful", fun = "reactive", resource = "dataset", this_session = "0d17b735b10ddfec3ded6f8b336c1113", build = 134L)|0d17b735b10ddfec3ded6f8b336c1113|2019-01-25 07:23:34||
|#20|VALUE|NROW(dataset)|FIRED|list(n_rows = 272L, dataset = "faithful", fun = "reactive", resource = "dataset", this_session = "0d17b735b10ddfec3ded6f8b336c1113", build = 134L)|0d17b735b10ddfec3ded6f8b336c1113|2019-01-25 07:23:34|272|
|#21|OUTPUT|str(dataset)|FIRED|list(dataset = "faithful", fun = "reactive", resource = "dataset", this_session = "0d17b735b10ddfec3ded6f8b336c1113", build = 134L)|0d17b735b10ddfec3ded6f8b336c1113|2019-01-25 07:23:34|'data.frame':	272 obs. of  2 variables:	 $ eruptions: num  3.6 1.8 3.33 2.28 4.53 ...	 $ waiting  : num  79 54 74 62 85 55 88 85 51 85 ...|
|#22|OUTPUT|head(dataset)|FIRED|list(dataset = "faithful", fun = "reactive", resource = "dataset", this_session = "0d17b735b10ddfec3ded6f8b336c1113", build = 134L)|0d17b735b10ddfec3ded6f8b336c1113|2019-01-25 07:23:34|  eruptions waiting	1     3.600      79	2     1.800      54	3     3.333      74	4     2.283      62	5     4.533      85	6     2.883      55|
|#23|VALUE|input$bins|FIRED|list(dataset = "faithful", fun = "observer", resource = "input$bins", this_session = "0d17b735b10ddfec3ded6f8b336c1113", build = 134L)|0d17b735b10ddfec3ded6f8b336c1113|2019-01-25 07:23:34|10|
|#24|EVENT|Number of bins are safe|FIRED|list(dataset = "faithful", fun = "observer", resource = "input$bins", this_session = "0d17b735b10ddfec3ded6f8b336c1113", build = 134L)|0d17b735b10ddfec3ded6f8b336c1113|2019-01-25 07:23:34|10|
|#25|TEST|testthat::expect_lt(input$bins, 50)|SUCCESS|list(bins = 10L, dataset = "faithful", fun = "observer", resource = "input$bins", this_session = "0d17b735b10ddfec3ded6f8b336c1113", build = 134L)|0d17b735b10ddfec3ded6f8b336c1113|2019-01-25 07:23:35||
|#26|EVENT|Variable was selected|FIRED|list(dataset = "faithful", fun = "observer", resource = "input$variable", this_session = "0d17b735b10ddfec3ded6f8b336c1113", build = 134L)|0d17b735b10ddfec3ded6f8b336c1113|2019-01-25 07:23:36|eruptions|
|#27|VALUE|input$variable|FIRED|list(dataset = "faithful", fun = "observer", resource = "input$variable", this_session = "0d17b735b10ddfec3ded6f8b336c1113", build = 134L)|0d17b735b10ddfec3ded6f8b336c1113|2019-01-25 07:23:36|eruptions|
|#28|TEST|testthat::expect_is(x, "numeric")|SUCCESS|list(variable = "eruptions", dataset = "faithful", fun = "rendering", resource = "output$histogram", this_session = "0d17b735b10ddfec3ded6f8b336c1113", build = 134L)|0d17b735b10ddfec3ded6f8b336c1113|2019-01-25 07:23:36||
|#29|EVENT|Plotting histogram|FIRED|list(dataset = "faithful", fun = "rendering", resource = "output$histogram", this_session = "0d17b735b10ddfec3ded6f8b336c1113", build = 134L)|0d17b735b10ddfec3ded6f8b336c1113|2019-01-25 07:23:36||
|#30|EVENT|Dataset was selected|FIRED|list(dataset = "random", fun = "observer", resource = "input$dataset", this_session = "0d17b735b10ddfec3ded6f8b336c1113", build = 134L)|0d17b735b10ddfec3ded6f8b336c1113|2019-01-25 07:23:38|random|
|#31|VALUE|input$dataset|FIRED|list(dataset = "random", fun = "observer", resource = "input$dataset", this_session = "0d17b735b10ddfec3ded6f8b336c1113", build = 134L)|0d17b735b10ddfec3ded6f8b336c1113|2019-01-25 07:23:38|random|
|#32|EVENT|Loading dataset|STARTED|list(dataset = "random", fun = "reactive", resource = "dataset", this_session = "0d17b735b10ddfec3ded6f8b336c1113", build = 134L)|0d17b735b10ddfec3ded6f8b336c1113|2019-01-25 07:23:38||
|#32|EVENT|Loading dataset|DONE|list(secs = 0.15, dataset = "random", fun = "reactive", resource = "dataset", this_session = "0d17b735b10ddfec3ded6f8b336c1113", build = 134L)|0d17b735b10ddfec3ded6f8b336c1113|2019-01-25 07:23:38||
|#33|VALUE|NROW(dataset)|FIRED|list(n_rows = 500000L, dataset = "random", fun = "reactive", resource = "dataset", this_session = "0d17b735b10ddfec3ded6f8b336c1113", build = 134L)|0d17b735b10ddfec3ded6f8b336c1113|2019-01-25 07:23:38|500000|
|#34|OUTPUT|str(dataset)|FIRED|list(dataset = "random", fun = "reactive", resource = "dataset", this_session = "0d17b735b10ddfec3ded6f8b336c1113", build = 134L)|0d17b735b10ddfec3ded6f8b336c1113|2019-01-25 07:23:38|'data.frame':	500000 obs. of  1 variable:	 $ RandomValue: num  -1.5 0.209 0.143 -0.329 -0.823 ...|
|#35|OUTPUT|head(dataset)|FIRED|list(dataset = "random", fun = "reactive", resource = "dataset", this_session = "0d17b735b10ddfec3ded6f8b336c1113", build = 134L)|0d17b735b10ddfec3ded6f8b336c1113|2019-01-25 07:23:38|  RandomValue	1  -1.5004829	2   0.2092176	3   0.1425484	4  -0.3289950	5  -0.8229078	6  -1.1213072|
|#36|VALUE|input$bins|FIRED|list(dataset = "random", fun = "observer", resource = "input$bins", this_session = "0d17b735b10ddfec3ded6f8b336c1113", build = 134L)|0d17b735b10ddfec3ded6f8b336c1113|2019-01-25 07:23:38|10|
|#37|EVENT|Number of bins are safe|FIRED|list(dataset = "random", fun = "observer", resource = "input$bins", this_session = "0d17b735b10ddfec3ded6f8b336c1113", build = 134L)|0d17b735b10ddfec3ded6f8b336c1113|2019-01-25 07:23:39|10|
|#38|TEST|testthat::expect_lt(input$bins, 50)|SUCCESS|list(bins = 10L, dataset = "random", fun = "observer", resource = "input$bins", this_session = "0d17b735b10ddfec3ded6f8b336c1113", build = 134L)|0d17b735b10ddfec3ded6f8b336c1113|2019-01-25 07:23:40||
|#39|EVENT|Variable was selected|FIRED|list(dataset = "random", fun = "observer", resource = "input$variable", this_session = "0d17b735b10ddfec3ded6f8b336c1113", build = 134L)|0d17b735b10ddfec3ded6f8b336c1113|2019-01-25 07:23:40|RandomValue|
|#40|VALUE|input$variable|FIRED|list(dataset = "random", fun = "observer", resource = "input$variable", this_session = "0d17b735b10ddfec3ded6f8b336c1113", build = 134L)|0d17b735b10ddfec3ded6f8b336c1113|2019-01-25 07:23:40|RandomValue|
|#41|TEST|testthat::expect_is(x, "numeric")|SUCCESS|list(variable = "RandomValue", dataset = "random", fun = "rendering", resource = "output$histogram", this_session = "0d17b735b10ddfec3ded6f8b336c1113", build = 134L)|0d17b735b10ddfec3ded6f8b336c1113|2019-01-25 07:23:41||
|#42|EVENT|Plotting histogram|FIRED|list(dataset = "random", fun = "rendering", resource = "output$histogram", this_session = "0d17b735b10ddfec3ded6f8b336c1113", build = 134L)|0d17b735b10ddfec3ded6f8b336c1113|2019-01-25 07:23:41||
|#43|VALUE|input$bins|FIRED|list(dataset = "random", fun = "observer", resource = "input$bins", this_session = "0d17b735b10ddfec3ded6f8b336c1113", build = 134L)|0d17b735b10ddfec3ded6f8b336c1113|2019-01-25 07:23:43|37|
|#44|MESSAGE|50 bins are comming...|FIRED|list(dataset = "random", fun = "observer", resource = "input$bins", this_session = "0d17b735b10ddfec3ded6f8b336c1113", build = 134L)|0d17b735b10ddfec3ded6f8b336c1113|2019-01-25 07:23:43||
|#45|TEST|testthat::expect_lt(input$bins, 50)|SUCCESS|list(bins = 37L, dataset = "random", fun = "observer", resource = "input$bins", this_session = "0d17b735b10ddfec3ded6f8b336c1113", build = 134L)|0d17b735b10ddfec3ded6f8b336c1113|2019-01-25 07:23:43||
|#46|TEST|testthat::expect_is(x, "numeric")|SUCCESS|list(variable = "RandomValue", dataset = "random", fun = "rendering", resource = "output$histogram", this_session = "0d17b735b10ddfec3ded6f8b336c1113", build = 134L)|0d17b735b10ddfec3ded6f8b336c1113|2019-01-25 07:23:43||
|#47|EVENT|Plotting histogram|FIRED|list(dataset = "random", fun = "rendering", resource = "output$histogram", this_session = "0d17b735b10ddfec3ded6f8b336c1113", build = 134L)|0d17b735b10ddfec3ded6f8b336c1113|2019-01-25 07:23:43||
|#48|VALUE|input$bins|FIRED|list(dataset = "random", fun = "observer", resource = "input$bins", this_session = "0d17b735b10ddfec3ded6f8b336c1113", build = 134L)|0d17b735b10ddfec3ded6f8b336c1113|2019-01-25 07:23:45|22|
|#49|TEST|testthat::expect_lt(input$bins, 50)|SUCCESS|list(bins = 22L, dataset = "random", fun = "observer", resource = "input$bins", this_session = "0d17b735b10ddfec3ded6f8b336c1113", build = 134L)|0d17b735b10ddfec3ded6f8b336c1113|2019-01-25 07:23:45||
|#50|TEST|testthat::expect_is(x, "numeric")|SUCCESS|list(variable = "RandomValue", dataset = "random", fun = "rendering", resource = "output$histogram", this_session = "0d17b735b10ddfec3ded6f8b336c1113", build = 134L)|0d17b735b10ddfec3ded6f8b336c1113|2019-01-25 07:23:45||
|#51|EVENT|Plotting histogram|FIRED|list(dataset = "random", fun = "rendering", resource = "output$histogram", this_session = "0d17b735b10ddfec3ded6f8b336c1113", build = 134L)|0d17b735b10ddfec3ded6f8b336c1113|2019-01-25 07:23:45||
|#52|VALUE|input$bins|FIRED|list(dataset = "random", fun = "observer", resource = "input$bins", this_session = "0d17b735b10ddfec3ded6f8b336c1113", build = 134L)|0d17b735b10ddfec3ded6f8b336c1113|2019-01-25 07:23:46|38|
|#53|MESSAGE|50 bins are comming...|FIRED|list(dataset = "random", fun = "observer", resource = "input$bins", this_session = "0d17b735b10ddfec3ded6f8b336c1113", build = 134L)|0d17b735b10ddfec3ded6f8b336c1113|2019-01-25 07:23:46||
|#54|TEST|testthat::expect_lt(input$bins, 50)|SUCCESS|list(bins = 38L, dataset = "random", fun = "observer", resource = "input$bins", this_session = "0d17b735b10ddfec3ded6f8b336c1113", build = 134L)|0d17b735b10ddfec3ded6f8b336c1113|2019-01-25 07:23:46||
|#55|TEST|testthat::expect_is(x, "numeric")|SUCCESS|list(variable = "RandomValue", dataset = "random", fun = "rendering", resource = "output$histogram", this_session = "0d17b735b10ddfec3ded6f8b336c1113", build = 134L)|0d17b735b10ddfec3ded6f8b336c1113|2019-01-25 07:23:46||
|#56|EVENT|Plotting histogram|FIRED|list(dataset = "random", fun = "rendering", resource = "output$histogram", this_session = "0d17b735b10ddfec3ded6f8b336c1113", build = 134L)|0d17b735b10ddfec3ded6f8b336c1113|2019-01-25 07:23:46||
|#57|VALUE|input$bins|FIRED|list(dataset = "random", fun = "observer", resource = "input$bins", this_session = "0d17b735b10ddfec3ded6f8b336c1113", build = 134L)|0d17b735b10ddfec3ded6f8b336c1113|2019-01-25 07:23:46|45|
|#58|WARNING|Very close to 50 bins!|FIRED|list(dataset = "random", fun = "observer", resource = "input$bins", this_session = "0d17b735b10ddfec3ded6f8b336c1113", build = 134L)|0d17b735b10ddfec3ded6f8b336c1113|2019-01-25 07:23:46||
|#59|TEST|testthat::expect_lt(input$bins, 50)|SUCCESS|list(bins = 45L, dataset = "random", fun = "observer", resource = "input$bins", this_session = "0d17b735b10ddfec3ded6f8b336c1113", build = 134L)|0d17b735b10ddfec3ded6f8b336c1113|2019-01-25 07:23:46||
|#60|TEST|testthat::expect_is(x, "numeric")|SUCCESS|list(variable = "RandomValue", dataset = "random", fun = "rendering", resource = "output$histogram", this_session = "0d17b735b10ddfec3ded6f8b336c1113", build = 134L)|0d17b735b10ddfec3ded6f8b336c1113|2019-01-25 07:23:47||
|#61|EVENT|Plotting histogram|FIRED|list(dataset = "random", fun = "rendering", resource = "output$histogram", this_session = "0d17b735b10ddfec3ded6f8b336c1113", build = 134L)|0d17b735b10ddfec3ded6f8b336c1113|2019-01-25 07:23:47||
|#62|VALUE|input$bins|FIRED|list(dataset = "random", fun = "observer", resource = "input$bins", this_session = "0d17b735b10ddfec3ded6f8b336c1113", build = 134L)|0d17b735b10ddfec3ded6f8b336c1113|2019-01-25 07:23:48|50|
|#63|TEST|testthat::expect_lt(input$bins, 50)|ERROR|list(bins = 50L, dataset = "random", fun = "observer", resource = "input$bins", this_session = "0d17b735b10ddfec3ded6f8b336c1113", build = 134L)|0d17b735b10ddfec3ded6f8b336c1113|2019-01-25 07:23:49|Error: input$bins is not strictly less than 50. Difference: 0|
|#64|ERROR|50 bins are not allowed!|FIRED|list(dataset = "random", fun = "observer", resource = "input$bins", this_session = "0d17b735b10ddfec3ded6f8b336c1113", build = 134L)|0d17b735b10ddfec3ded6f8b336c1113|2019-01-25 07:23:50||
|#65|TEST|testthat::expect_is(x, "numeric")|SUCCESS|list(variable = "RandomValue", dataset = "random", fun = "rendering", resource = "output$histogram", this_session = "0d17b735b10ddfec3ded6f8b336c1113", build = 134L)|0d17b735b10ddfec3ded6f8b336c1113|2019-01-25 07:23:51||
|#66|EVENT|Plotting histogram|FIRED|list(dataset = "random", fun = "rendering", resource = "output$histogram", this_session = "0d17b735b10ddfec3ded6f8b336c1113", build = 134L)|0d17b735b10ddfec3ded6f8b336c1113|2019-01-25 07:23:52||
